<?xml version="1.0" encoding="UTF-8"?>
<!-- Generated by org.testng.reporters.JUnitXMLReporter -->
<testsuite ignored="0" hostname="LAPTOP-6OU7JCID" failures="0" tests="2" name="Error Validation Test" time="14.148" errors="0" timestamp="2023-03-07T22:25:21 GMT">
  <testcase classname="SeleniumFramework.ErrorValidationTest" name="ProductError" time="2.796"/>
  <testcase classname="SeleniumFramework.ErrorValidationTest" name="VerifyLoginError" time="0.759"/>
</testsuite> <!-- Error Validation Test -->
