<?xml version="1.0" encoding="UTF-8"?>
<!-- Generated by org.testng.reporters.JUnitXMLReporter -->
<testsuite ignored="0" hostname="LAPTOP-6OU7JCID" failures="0" tests="2" name="Error Validation Test" time="17.386" errors="0" timestamp="06 Mar 2023 21:09:18 GMT">
  <testcase classname="SeleniumFramework.ErrorValidationTest" name="ProductError" time="2.766"/>
  <testcase classname="SeleniumFramework.ErrorValidationTest" name="VerifyLoginError" time="1.17"/>
</testsuite> <!-- Error Validation Test -->
