<?xml version="1.0" encoding="UTF-8"?>
<!-- Generated by org.testng.reporters.JUnitXMLReporter -->
<testsuite ignored="0" hostname="LAPTOP-6OU7JCID" failures="0" tests="3" name="Submit Order Test" time="26.512" errors="0" timestamp="06 Mar 2023 21:09:27 GMT">
  <testcase classname="SeleniumFramework.StandardTest" name="submitOrder" time="5.363"/>
  <testcase classname="SeleniumFramework.StandardTest" name="submitOrder" time="4.609"/>
  <testcase classname="SeleniumFramework.StandardTest" name="verifyOrderPage" time="0.745"/>
</testsuite> <!-- Submit Order Test -->
