<?xml version="1.0" encoding="UTF-8"?>
<!-- Generated by org.testng.reporters.JUnitXMLReporter -->
<testsuite ignored="0" hostname="LAPTOP-6OU7JCID" failures="0" tests="3" name="Test" time="20.079" errors="0" timestamp="26 Feb 2023 17:35:28 GMT">
  <testcase classname="SeleniumFramework.StandardTest" name="submitOrder" time="4.64"/>
  <testcase classname="SeleniumFramework.StandardTest" name="submitOrder" time="4.319"/>
  <testcase classname="SeleniumFramework.StandardTest" name="verifyOrderPage" time="0.799"/>
</testsuite> <!-- Test -->
