<?xml version="1.0" encoding="UTF-8"?>
<!-- Generated by org.testng.reporters.JUnitXMLReporter -->
<testsuite ignored="0" hostname="LAPTOP-6OU7JCID" failures="0" tests="3" name="Submit Order Test" time="26.026" errors="0" timestamp="2023-03-07T22:25:33 GMT">
  <testcase classname="SeleniumFramework.StandardTest" name="submitOrder" time="5.177"/>
  <testcase classname="SeleniumFramework.StandardTest" name="submitOrder" time="4.86"/>
  <testcase classname="SeleniumFramework.StandardTest" name="verifyOrderPage" time="0.908"/>
</testsuite> <!-- Submit Order Test -->
