<?xml version="1.0" encoding="UTF-8"?>
<testng-results ignored="0" total="5" passed="5" failed="0" skipped="0">
  <reporter-output>
  </reporter-output>
  <suite started-at="2023-03-07T22:25:07 GMT" name="Suite" finished-at="2023-03-07T22:25:33 GMT" duration-ms="26026">
    <groups>
      <group name="ErrorHandling">
        <method signature="ErrorValidationTest.VerifyLoginError()[pri:0, instance:SeleniumFramework.ErrorValidationTest@1be2019a]" name="VerifyLoginError" class="SeleniumFramework.ErrorValidationTest"/>
      </group> <!-- ErrorHandling -->
      <group name="purchase">
        <method signature="StandardTest.submitOrder(java.util.HashMap)[pri:0, instance:SeleniumFramework.StandardTest@433defed]" name="submitOrder" class="SeleniumFramework.StandardTest"/>
      </group> <!-- purchase -->
    </groups>
    <test started-at="2023-03-07T22:25:07 GMT" name="Error Validation Test" finished-at="2023-03-07T22:25:21 GMT" duration-ms="14148">
      <class name="SeleniumFramework.ErrorValidationTest">
        <test-method is-config="true" signature="launchApplication()[pri:0, instance:SeleniumFramework.ErrorValidationTest@1be2019a]" started-at="2023-03-07T22:25:07 GMT" name="launchApplication" finished-at="2023-03-07T22:25:12 GMT" duration-ms="5439" status="PASS">
          <reporter-output>
          </reporter-output>
        </test-method> <!-- launchApplication -->
        <test-method signature="ProductError()[pri:0, instance:SeleniumFramework.ErrorValidationTest@1be2019a]" started-at="2023-03-07T22:25:12 GMT" name="ProductError" finished-at="2023-03-07T22:25:15 GMT" duration-ms="2796" status="PASS">
          <reporter-output>
          </reporter-output>
        </test-method> <!-- ProductError -->
        <test-method is-config="true" signature="tearDown()[pri:0, instance:SeleniumFramework.ErrorValidationTest@1be2019a]" started-at="2023-03-07T22:25:15 GMT" name="tearDown" finished-at="2023-03-07T22:25:15 GMT" duration-ms="489" status="PASS">
          <reporter-output>
          </reporter-output>
        </test-method> <!-- tearDown -->
        <test-method is-config="true" signature="launchApplication()[pri:0, instance:SeleniumFramework.ErrorValidationTest@1be2019a]" started-at="2023-03-07T22:25:15 GMT" name="launchApplication" finished-at="2023-03-07T22:25:19 GMT" duration-ms="4017" status="PASS">
          <reporter-output>
          </reporter-output>
        </test-method> <!-- launchApplication -->
        <test-method signature="VerifyLoginError()[pri:0, instance:SeleniumFramework.ErrorValidationTest@1be2019a]" started-at="2023-03-07T22:25:19 GMT" name="VerifyLoginError" finished-at="2023-03-07T22:25:20 GMT" duration-ms="759" status="PASS">
          <reporter-output>
          </reporter-output>
        </test-method> <!-- VerifyLoginError -->
        <test-method is-config="true" signature="tearDown()[pri:0, instance:SeleniumFramework.ErrorValidationTest@1be2019a]" started-at="2023-03-07T22:25:20 GMT" name="tearDown" finished-at="2023-03-07T22:25:21 GMT" duration-ms="598" status="PASS">
          <reporter-output>
          </reporter-output>
        </test-method> <!-- tearDown -->
      </class> <!-- SeleniumFramework.ErrorValidationTest -->
    </test> <!-- Error Validation Test -->
    <test started-at="2023-03-07T22:25:07 GMT" name="Submit Order Test" finished-at="2023-03-07T22:25:33 GMT" duration-ms="26026">
      <class name="SeleniumFramework.StandardTest">
        <test-method is-config="true" signature="launchApplication()[pri:0, instance:SeleniumFramework.StandardTest@433defed]" started-at="2023-03-07T22:25:07 GMT" name="launchApplication" finished-at="2023-03-07T22:25:12 GMT" duration-ms="5310" status="PASS">
          <reporter-output>
          </reporter-output>
        </test-method> <!-- launchApplication -->
        <test-method signature="submitOrder(java.util.HashMap)[pri:0, instance:SeleniumFramework.StandardTest@433defed]" started-at="2023-03-07T22:25:12 GMT" name="submitOrder" data-provider="getData" finished-at="2023-03-07T22:25:17 GMT" duration-ms="5177" status="PASS">
          <params>
            <param index="0">
              <value>
                <![CDATA[{password=Test1234, product=ZARA COAT 3, email=test@practice.com}]]>
              </value>
            </param>
          </params>
          <reporter-output>
          </reporter-output>
        </test-method> <!-- submitOrder -->
        <test-method is-config="true" signature="tearDown()[pri:0, instance:SeleniumFramework.StandardTest@433defed]" started-at="2023-03-07T22:25:17 GMT" name="tearDown" finished-at="2023-03-07T22:25:18 GMT" duration-ms="417" status="PASS">
          <reporter-output>
          </reporter-output>
        </test-method> <!-- tearDown -->
        <test-method is-config="true" signature="launchApplication()[pri:0, instance:SeleniumFramework.StandardTest@433defed]" started-at="2023-03-07T22:25:18 GMT" name="launchApplication" finished-at="2023-03-07T22:25:22 GMT" duration-ms="4112" status="PASS">
          <reporter-output>
          </reporter-output>
        </test-method> <!-- launchApplication -->
        <test-method signature="submitOrder(java.util.HashMap)[pri:0, instance:SeleniumFramework.StandardTest@433defed]" started-at="2023-03-07T22:25:22 GMT" name="submitOrder" data-provider="getData" finished-at="2023-03-07T22:25:27 GMT" duration-ms="4860" status="PASS">
          <params>
            <param index="0">
              <value>
                <![CDATA[{password=Test5678, product=ADIDAS ORIGINAL, email=test@success.com}]]>
              </value>
            </param>
          </params>
          <reporter-output>
          </reporter-output>
        </test-method> <!-- submitOrder -->
        <test-method is-config="true" signature="tearDown()[pri:0, instance:SeleniumFramework.StandardTest@433defed]" started-at="2023-03-07T22:25:27 GMT" name="tearDown" finished-at="2023-03-07T22:25:28 GMT" duration-ms="829" status="PASS">
          <reporter-output>
          </reporter-output>
        </test-method> <!-- tearDown -->
        <test-method is-config="true" signature="launchApplication()[pri:0, instance:SeleniumFramework.StandardTest@433defed]" started-at="2023-03-07T22:25:28 GMT" name="launchApplication" finished-at="2023-03-07T22:25:31 GMT" duration-ms="3897" status="PASS">
          <reporter-output>
          </reporter-output>
        </test-method> <!-- launchApplication -->
        <test-method signature="verifyOrderPage()[pri:0, instance:SeleniumFramework.StandardTest@433defed]" started-at="2023-03-07T22:25:31 GMT" name="verifyOrderPage" finished-at="2023-03-07T22:25:32 GMT" depends-on-methods="SeleniumFramework.StandardTest.submitOrder" duration-ms="908" status="PASS">
          <reporter-output>
          </reporter-output>
        </test-method> <!-- verifyOrderPage -->
        <test-method is-config="true" signature="tearDown()[pri:0, instance:SeleniumFramework.StandardTest@433defed]" started-at="2023-03-07T22:25:32 GMT" name="tearDown" finished-at="2023-03-07T22:25:33 GMT" duration-ms="220" status="PASS">
          <reporter-output>
          </reporter-output>
        </test-method> <!-- tearDown -->
      </class> <!-- SeleniumFramework.StandardTest -->
    </test> <!-- Submit Order Test -->
  </suite> <!-- Suite -->
</testng-results>
