<?xml version="1.0" encoding="UTF-8"?>
<testng-results ignored="0" total="1" passed="1" failed="0" skipped="0">
  <reporter-output>
  </reporter-output>
  <suite started-at="2023-03-07T19:38:38 GMT" name="Default suite" finished-at="2023-03-07T19:38:43 GMT" duration-ms="5704">
    <groups>
      <group name="cucumber">
        <method signature="AbstractTestNGCucumberTests.runScenario(io.cucumber.testng.PickleWrapper,io.cucumber.testng.FeatureWrapper)[pri:0, instance:cucumber.TestNGTestRunner@48075da3]" name="runScenario" class="io.cucumber.testng.AbstractTestNGCucumberTests"/>
      </group> <!-- cucumber -->
    </groups>
    <test started-at="2023-03-07T19:38:38 GMT" name="Default test" finished-at="2023-03-07T19:38:43 GMT" duration-ms="5704">
      <class name="cucumber.TestNGTestRunner">
        <test-method is-config="true" signature="setUpClass(org.testng.ITestContext)[pri:0, instance:cucumber.TestNGTestRunner@48075da3]" started-at="2023-03-07T19:38:38 GMT" name="setUpClass" finished-at="2023-03-07T19:38:38 GMT" duration-ms="439" status="PASS">
          <params>
            <param index="0">
              <value>
                <![CDATA[org.testng.TestRunner@373e6b9d]]>
              </value>
            </param>
          </params>
          <reporter-output>
          </reporter-output>
        </test-method> <!-- setUpClass -->
        <test-method signature="runScenario(io.cucumber.testng.PickleWrapper,io.cucumber.testng.FeatureWrapper)[pri:0, instance:cucumber.TestNGTestRunner@48075da3]" started-at="2023-03-07T19:38:38 GMT" name="runScenario" description="Runs Cucumber Scenarios" data-provider="scenarios" finished-at="2023-03-07T19:38:43 GMT" duration-ms="5178" status="PASS">
          <params>
            <param index="0">
              <value>
                <![CDATA["Verify Error message at login page"]]>
              </value>
            </param>
            <param index="1">
              <value>
                <![CDATA["Error Validation Login Page"]]>
              </value>
            </param>
          </params>
          <reporter-output>
          </reporter-output>
        </test-method> <!-- runScenario -->
        <test-method is-config="true" signature="tearDownClass()[pri:0, instance:cucumber.TestNGTestRunner@48075da3]" started-at="2023-03-07T19:38:43 GMT" name="tearDownClass" finished-at="2023-03-07T19:38:43 GMT" duration-ms="38" status="PASS">
          <reporter-output>
          </reporter-output>
        </test-method> <!-- tearDownClass -->
      </class> <!-- cucumber.TestNGTestRunner -->
    </test> <!-- Default test -->
  </suite> <!-- Default suite -->
</testng-results>
